2024-12-14 16:25:22,157:ERROR:Failed to connect to Access database: ('HY024', "[HY024] [Microsoft][ODBC Microsoft Access Driver] '(unknown)' is not a valid path. Make sure that the path name is spelled correctly and that you are connected to the server on which the file resides. (-1023) (SQLDriverConnect); [HY024] [Microsoft][ODBC Microsoft Access Driver] '(unknown)' is not a valid path. Make sure that the path name is spelled correctly and that you are connected to the server on which the file resides. (-1023)")
2024-12-14 16:27:38,399:ERROR:Failed to connect to Access database: ('HY024', "[HY024] [Microsoft][ODBC Microsoft Access Driver] '(unknown)' is not a valid path. Make sure that the path name is spelled correctly and that you are connected to the server on which the file resides. (-1023) (SQLDriverConnect); [HY024] [Microsoft][ODBC Microsoft Access Driver] '(unknown)' is not a valid path. Make sure that the path name is spelled correctly and that you are connected to the server on which the file resides. (-1023)")
2024-12-14 16:27:41,614:INFO:No access token found. Initiating OAuth2 flow.
2024-12-14 16:29:23,467:ERROR:Failed to connect to Access database: ('HY024', "[HY024] [Microsoft][ODBC Microsoft Access Driver] '(unknown)' is not a valid path. Make sure that the path name is spelled correctly and that you are connected to the server on which the file resides. (-1023) (SQLDriverConnect); [HY024] [Microsoft][ODBC Microsoft Access Driver] '(unknown)' is not a valid path. Make sure that the path name is spelled correctly and that you are connected to the server on which the file resides. (-1023)")
2024-12-14 16:29:26,474:INFO:No access token found. Initiating OAuth2 flow.
2024-12-14 16:30:25,352:ERROR:Failed to connect to Access database: ('HY024', "[HY024] [Microsoft][ODBC Microsoft Access Driver] '(unknown)' is not a valid path. Make sure that the path name is spelled correctly and that you are connected to the server on which the file resides. (-1023) (SQLDriverConnect); [HY024] [Microsoft][ODBC Microsoft Access Driver] '(unknown)' is not a valid path. Make sure that the path name is spelled correctly and that you are connected to the server on which the file resides. (-1023)")
2024-12-14 16:30:28,666:INFO:No access token found. Initiating OAuth2 flow.
2024-12-14 16:30:41,065:ERROR:Failed to connect to Access database: ('HY024', "[HY024] [Microsoft][ODBC Microsoft Access Driver] '(unknown)' is not a valid path. Make sure that the path name is spelled correctly and that you are connected to the server on which the file resides. (-1023) (SQLDriverConnect); [HY024] [Microsoft][ODBC Microsoft Access Driver] '(unknown)' is not a valid path. Make sure that the path name is spelled correctly and that you are connected to the server on which the file resides. (-1023)")
2024-12-14 16:30:47,494:INFO:No access token found. Initiating OAuth2 flow.
2024-12-14 16:34:52,442:ERROR:Failed to connect to Access database: ('HY024', "[HY024] [Microsoft][ODBC Microsoft Access Driver] '(unknown)' is not a valid path. Make sure that the path name is spelled correctly and that you are connected to the server on which the file resides. (-1023) (SQLDriverConnect); [HY024] [Microsoft][ODBC Microsoft Access Driver] '(unknown)' is not a valid path. Make sure that the path name is spelled correctly and that you are connected to the server on which the file resides. (-1023)")
2024-12-14 16:34:55,350:INFO:No access token found. Initiating OAuth2 flow.
2024-12-14 16:34:55,351:INFO:Opening browser for Dropbox OAuth2 authentication.
2024-12-14 16:38:01,367:INFO:Dropbox access token obtained and saved securely.
2024-12-14 16:38:01,377:INFO:Request to users/get_current_account
2024-12-14 16:38:06,997:INFO:Dropbox client authenticated successfully.
2024-12-14 16:38:21,668:ERROR:Failed to connect to Access database: ('HY024', "[HY024] [Microsoft][ODBC Microsoft Access Driver] '(unknown)' is not a valid path. Make sure that the path name is spelled correctly and that you are connected to the server on which the file resides. (-1023) (SQLDriverConnect); [HY024] [Microsoft][ODBC Microsoft Access Driver] '(unknown)' is not a valid path. Make sure that the path name is spelled correctly and that you are connected to the server on which the file resides. (-1023)")
2024-12-14 16:38:26,495:INFO:Request to users/get_current_account
2024-12-14 16:38:32,667:INFO:Dropbox client authenticated successfully.
2024-12-14 16:41:23,973:ERROR:Failed to connect to Access database: ('HY024', "[HY024] [Microsoft][ODBC Microsoft Access Driver] '(unknown)' is not a valid path. Make sure that the path name is spelled correctly and that you are connected to the server on which the file resides. (-1023) (SQLDriverConnect); [HY024] [Microsoft][ODBC Microsoft Access Driver] '(unknown)' is not a valid path. Make sure that the path name is spelled correctly and that you are connected to the server on which the file resides. (-1023)")
2024-12-14 16:41:36,670:INFO:Request to users/get_current_account
2024-12-14 16:41:38,337:INFO:Dropbox client authenticated successfully.
2024-12-14 16:45:11,917:ERROR:Failed to connect to Access database: ('HY024', "[HY024] [Microsoft][ODBC Microsoft Access Driver] '(unknown)' is not a valid path. Make sure that the path name is spelled correctly and that you are connected to the server on which the file resides. (-1023) (SQLDriverConnect); [HY024] [Microsoft][ODBC Microsoft Access Driver] '(unknown)' is not a valid path. Make sure that the path name is spelled correctly and that you are connected to the server on which the file resides. (-1023)")
2024-12-14 16:45:13,747:INFO:Request to users/get_current_account
2024-12-14 16:45:15,581:INFO:Dropbox client authenticated successfully.
2024-12-14 18:26:13,062:ERROR:Failed to connect to Access database: ('HY024', "[HY024] [Microsoft][ODBC Microsoft Access Driver] '(unknown)' is not a valid path. Make sure that the path name is spelled correctly and that you are connected to the server on which the file resides. (-1023) (SQLDriverConnect); [HY024] [Microsoft][ODBC Microsoft Access Driver] '(unknown)' is not a valid path. Make sure that the path name is spelled correctly and that you are connected to the server on which the file resides. (-1023)")
